<?xml version="1.0" encoding="UTF-8"?>
<testsuite name="smoke.testcases.SmokeTest" tests="3" skipped="0" failures="1" errors="0" timestamp="2017-09-28T07:51:43" hostname="Pratik-PC" time="87.903">
  <properties/>
  <testcase name="verifyNewCreatedPostWithImageCanBePublished" classname="smoke.testcases.SmokeTest" time="58.379">
    <failure message="java.lang.AssertionError: Image is not being uploaded on New Post page expected [true] but found [false]" type="java.lang.AssertionError">java.lang.AssertionError: Image is not being uploaded on New Post page expected [true] but found [false]
	at org.testng.Assert.fail(Assert.java:93)
	at org.testng.Assert.failNotEquals(Assert.java:512)
	at org.testng.Assert.assertTrue(Assert.java:41)
	at smoke.testcases.SmokeTest.verifyNewCreatedPostWithImageCanBePublished(SmokeTest.java:45)
	at sun.reflect.NativeMethodAccessorImpl.invoke0(Native Method)
	at sun.reflect.NativeMethodAccessorImpl.invoke(NativeMethodAccessorImpl.java:62)
	at sun.reflect.DelegatingMethodAccessorImpl.invoke(DelegatingMethodAccessorImpl.java:43)
	at java.lang.reflect.Method.invoke(Method.java:497)
	at org.testng.internal.MethodInvocationHelper.invokeMethod(MethodInvocationHelper.java:108)
	at org.testng.internal.Invoker.invokeMethod(Invoker.java:661)
	at org.testng.internal.Invoker.invokeTestMethod(Invoker.java:869)
	at org.testng.internal.Invoker.invokeTestMethods(Invoker.java:1193)
	at org.testng.internal.TestMethodWorker.invokeTestMethods(TestMethodWorker.java:126)
	at org.testng.internal.TestMethodWorker.run(TestMethodWorker.java:109)
	at java.util.concurrent.ThreadPoolExecutor.runWorker(ThreadPoolExecutor.java:1142)
	at java.util.concurrent.ThreadPoolExecutor$Worker.run(ThreadPoolExecutor.java:617)
	at java.lang.Thread.run(Thread.java:745)
</failure>
  </testcase>
  <testcase name="verifyNewCreatedPostCanBeDeleted" classname="smoke.testcases.SmokeTest" time="80.082"/>
  <testcase name="verifyNewCreatedPostCanBeEdited" classname="smoke.testcases.SmokeTest" time="87.915"/>
  <system-out><![CDATA[]]></system-out>
  <system-err><![CDATA[Sep 28, 2017 1:22:41 PM org.openqa.selenium.remote.Augmenter extractRemoteWebDriver
WARNING: Augmenter should be applied to the instances of @Augmentable classes or previously augmented instances only (instance class was: class org.openqa.selenium.chrome.ChromeDriver)
]]></system-err>
</testsuite>
