<?xml version="1.0" encoding="UTF-8"?>
<!-- Generated by org.testng.reporters.JUnitXMLReporter -->
<testsuite hostname="Pratik-PC" ignored="0" name="Default test" tests="3" failures="1" timestamp="28 Sep 2017 07:53:12 GMT" time="95.306" errors="0">
  <testcase name="verifyNewCreatedPostWithImageCanBePublished" time="58.379" classname="smoke.testcases.SmokeTest">
    <failure type="java.lang.AssertionError" message="Image is not being uploaded on New Post page expected [true] but found [false]">
      <![CDATA[java.lang.AssertionError: Image is not being uploaded on New Post page expected [true] but found [false]
	at org.testng.Assert.fail(Assert.java:93)
	at org.testng.Assert.failNotEquals(Assert.java:512)
	at org.testng.Assert.assertTrue(Assert.java:41)
	at smoke.testcases.SmokeTest.verifyNewCreatedPostWithImageCanBePublished(SmokeTest.java:45)
	at sun.reflect.NativeMethodAccessorImpl.invoke0(Native Method)
	at sun.reflect.NativeMethodAccessorImpl.invoke(NativeMethodAccessorImpl.java:62)
	at sun.reflect.DelegatingMethodAccessorImpl.invoke(DelegatingMethodAccessorImpl.java:43)
	at java.lang.reflect.Method.invoke(Method.java:497)
	at org.testng.internal.MethodInvocationHelper.invokeMethod(MethodInvocationHelper.java:108)
	at org.testng.internal.Invoker.invokeMethod(Invoker.java:661)
	at org.testng.internal.Invoker.invokeTestMethod(Invoker.java:869)
	at org.testng.internal.Invoker.invokeTestMethods(Invoker.java:1193)
	at org.testng.internal.TestMethodWorker.invokeTestMethods(TestMethodWorker.java:126)
	at org.testng.internal.TestMethodWorker.run(TestMethodWorker.java:109)
	at java.util.concurrent.ThreadPoolExecutor.runWorker(ThreadPoolExecutor.java:1142)
	at java.util.concurrent.ThreadPoolExecutor$Worker.run(ThreadPoolExecutor.java:617)
	at java.lang.Thread.run(Thread.java:745)
]]>
    </failure>
  </testcase> <!-- verifyNewCreatedPostWithImageCanBePublished -->
  <testcase name="verifyNewCreatedPostCanBeDeleted" time="80.082" classname="smoke.testcases.SmokeTest"/>
  <testcase name="verifyNewCreatedPostCanBeEdited" time="87.915" classname="smoke.testcases.SmokeTest"/>
</testsuite> <!-- Default test -->
