<?xml version="1.0" encoding="UTF-8"?>
<testng-results skipped="0" failed="1" ignored="0" total="3" passed="2">
  <reporter-output>
  </reporter-output>
  <suite name="Default suite" duration-ms="95306" started-at="2017-09-28T07:51:37Z" finished-at="2017-09-28T07:53:12Z">
    <groups>
    </groups>
    <test name="Default test" duration-ms="95306" started-at="2017-09-28T07:51:37Z" finished-at="2017-09-28T07:53:12Z">
      <class name="smoke.testcases.SmokeTest">
        <test-method status="PASS" signature="beforeSuite()[pri:0, instance:smoke.testcases.SmokeTest@799d2319]" name="beforeSuite" is-config="true" duration-ms="24" started-at="2017-09-28T13:21:37Z" finished-at="2017-09-28T13:21:37Z">
          <reporter-output>
          </reporter-output>
        </test-method> <!-- beforeSuite -->
        <test-method status="PASS" signature="beforeClass()[pri:0, instance:smoke.testcases.SmokeTest@799d2319]" name="beforeClass" is-config="true" duration-ms="1" started-at="2017-09-28T13:21:37Z" finished-at="2017-09-28T13:21:37Z">
          <reporter-output>
          </reporter-output>
        </test-method> <!-- beforeClass -->
        <test-method status="PASS" signature="beforeMethod(org.testng.ITestContext, java.lang.reflect.Method)[pri:0, instance:smoke.testcases.SmokeTest@799d2319]" name="beforeMethod" is-config="true" duration-ms="6452" started-at="2017-09-28T13:21:37Z" finished-at="2017-09-28T13:21:43Z">
          <params>
            <param index="0">
              <value>
                <![CDATA[org.testng.TestRunner@1044b8d3]]>
              </value>
            </param>
            <param index="1">
              <value>
                <![CDATA[public void smoke.testcases.SmokeTest.verifyNewCreatedPostCanBeDeleted()]]>
              </value>
            </param>
          </params>
          <reporter-output>
          </reporter-output>
        </test-method> <!-- beforeMethod -->
        <test-method status="PASS" signature="beforeMethod(org.testng.ITestContext, java.lang.reflect.Method)[pri:0, instance:smoke.testcases.SmokeTest@799d2319]" name="beforeMethod" is-config="true" duration-ms="6453" started-at="2017-09-28T13:21:37Z" finished-at="2017-09-28T13:21:43Z">
          <params>
            <param index="0">
              <value>
                <![CDATA[org.testng.TestRunner@1044b8d3]]>
              </value>
            </param>
            <param index="1">
              <value>
                <![CDATA[public void smoke.testcases.SmokeTest.verifyNewCreatedPostWithImageCanBePublished()]]>
              </value>
            </param>
          </params>
          <reporter-output>
          </reporter-output>
        </test-method> <!-- beforeMethod -->
        <test-method status="PASS" signature="beforeMethod(org.testng.ITestContext, java.lang.reflect.Method)[pri:0, instance:smoke.testcases.SmokeTest@799d2319]" name="beforeMethod" is-config="true" duration-ms="6441" started-at="2017-09-28T13:21:37Z" finished-at="2017-09-28T13:21:43Z">
          <params>
            <param index="0">
              <value>
                <![CDATA[org.testng.TestRunner@1044b8d3]]>
              </value>
            </param>
            <param index="1">
              <value>
                <![CDATA[public void smoke.testcases.SmokeTest.verifyNewCreatedPostCanBeEdited()]]>
              </value>
            </param>
          </params>
          <reporter-output>
          </reporter-output>
        </test-method> <!-- beforeMethod -->
        <test-method status="PASS" signature="verifyNewCreatedPostCanBeEdited()[pri:0, instance:smoke.testcases.SmokeTest@799d2319]" name="verifyNewCreatedPostCanBeEdited" duration-ms="87915" started-at="2017-09-28T13:21:43Z" finished-at="2017-09-28T13:23:11Z">
          <reporter-output>
          </reporter-output>
        </test-method> <!-- verifyNewCreatedPostCanBeEdited -->
        <test-method status="PASS" signature="verifyNewCreatedPostCanBeDeleted()[pri:0, instance:smoke.testcases.SmokeTest@799d2319]" name="verifyNewCreatedPostCanBeDeleted" duration-ms="80082" started-at="2017-09-28T13:21:43Z" finished-at="2017-09-28T13:23:03Z">
          <reporter-output>
          </reporter-output>
        </test-method> <!-- verifyNewCreatedPostCanBeDeleted -->
        <test-method status="FAIL" signature="verifyNewCreatedPostWithImageCanBePublished()[pri:0, instance:smoke.testcases.SmokeTest@799d2319]" name="verifyNewCreatedPostWithImageCanBePublished" duration-ms="58379" started-at="2017-09-28T13:21:43Z" finished-at="2017-09-28T13:22:41Z">
          <exception class="java.lang.AssertionError">
            <message>
              <![CDATA[Image is not being uploaded on New Post page expected [true] but found [false]]]>
            </message>
            <full-stacktrace>
              <![CDATA[java.lang.AssertionError: Image is not being uploaded on New Post page expected [true] but found [false]
	at org.testng.Assert.fail(Assert.java:93)
	at org.testng.Assert.failNotEquals(Assert.java:512)
	at org.testng.Assert.assertTrue(Assert.java:41)
	at smoke.testcases.SmokeTest.verifyNewCreatedPostWithImageCanBePublished(SmokeTest.java:45)
	at sun.reflect.NativeMethodAccessorImpl.invoke0(Native Method)
	at sun.reflect.NativeMethodAccessorImpl.invoke(NativeMethodAccessorImpl.java:62)
	at sun.reflect.DelegatingMethodAccessorImpl.invoke(DelegatingMethodAccessorImpl.java:43)
	at java.lang.reflect.Method.invoke(Method.java:497)
	at org.testng.internal.MethodInvocationHelper.invokeMethod(MethodInvocationHelper.java:108)
	at org.testng.internal.Invoker.invokeMethod(Invoker.java:661)
	at org.testng.internal.Invoker.invokeTestMethod(Invoker.java:869)
	at org.testng.internal.Invoker.invokeTestMethods(Invoker.java:1193)
	at org.testng.internal.TestMethodWorker.invokeTestMethods(TestMethodWorker.java:126)
	at org.testng.internal.TestMethodWorker.run(TestMethodWorker.java:109)
	at java.util.concurrent.ThreadPoolExecutor.runWorker(ThreadPoolExecutor.java:1142)
	at java.util.concurrent.ThreadPoolExecutor$Worker.run(ThreadPoolExecutor.java:617)
	at java.lang.Thread.run(Thread.java:745)
]]>
            </full-stacktrace>
          </exception> <!-- java.lang.AssertionError -->
          <reporter-output>
          </reporter-output>
        </test-method> <!-- verifyNewCreatedPostWithImageCanBePublished -->
        <test-method status="PASS" signature="afterMethod(org.testng.ITestResult)[pri:0, instance:smoke.testcases.SmokeTest@799d2319]" name="afterMethod" is-config="true" duration-ms="1590" started-at="2017-09-28T13:22:42Z" finished-at="2017-09-28T13:22:44Z">
          <params>
            <param index="0">
              <value>
                <![CDATA[[TestResult name=verifyNewCreatedPostWithImageCanBePublished status=FAILURE method=SmokeTest.verifyNewCreatedPostWithImageCanBePublished()[pri:0, instance:smoke.testcases.SmokeTest@799d2319] output={null}]]]>
              </value>
            </param>
          </params>
          <reporter-output>
          </reporter-output>
        </test-method> <!-- afterMethod -->
        <test-method status="PASS" signature="afterMethod(org.testng.ITestResult)[pri:0, instance:smoke.testcases.SmokeTest@799d2319]" name="afterMethod" is-config="true" duration-ms="1128" started-at="2017-09-28T13:23:03Z" finished-at="2017-09-28T13:23:04Z">
          <params>
            <param index="0">
              <value>
                <![CDATA[[TestResult name=verifyNewCreatedPostCanBeDeleted status=SUCCESS method=SmokeTest.verifyNewCreatedPostCanBeDeleted()[pri:0, instance:smoke.testcases.SmokeTest@799d2319] output={null}]]]>
              </value>
            </param>
          </params>
          <reporter-output>
          </reporter-output>
        </test-method> <!-- afterMethod -->
        <test-method status="PASS" signature="afterMethod(org.testng.ITestResult)[pri:0, instance:smoke.testcases.SmokeTest@799d2319]" name="afterMethod" is-config="true" duration-ms="912" started-at="2017-09-28T13:23:11Z" finished-at="2017-09-28T13:23:12Z">
          <params>
            <param index="0">
              <value>
                <![CDATA[[TestResult name=verifyNewCreatedPostCanBeEdited status=SUCCESS method=SmokeTest.verifyNewCreatedPostCanBeEdited()[pri:0, instance:smoke.testcases.SmokeTest@799d2319] output={null}]]]>
              </value>
            </param>
          </params>
          <reporter-output>
          </reporter-output>
        </test-method> <!-- afterMethod -->
        <test-method status="PASS" signature="afterClass()[pri:0, instance:smoke.testcases.SmokeTest@799d2319]" name="afterClass" is-config="true" duration-ms="1" started-at="2017-09-28T13:23:12Z" finished-at="2017-09-28T13:23:12Z">
          <reporter-output>
          </reporter-output>
        </test-method> <!-- afterClass -->
        <test-method status="PASS" signature="afterSuite()[pri:0, instance:smoke.testcases.SmokeTest@799d2319]" name="afterSuite" is-config="true" duration-ms="0" started-at="2017-09-28T13:23:12Z" finished-at="2017-09-28T13:23:12Z">
          <reporter-output>
          </reporter-output>
        </test-method> <!-- afterSuite -->
      </class> <!-- smoke.testcases.SmokeTest -->
    </test> <!-- Default test -->
  </suite> <!-- Default suite -->
</testng-results>
